Determining if the pthread_create exist failed with the following output:
Change Dir: /home/build/release-cpp11/CMakeFiles/CMakeTmp

Run Build Command:"/usr/bin/gmake" "cmTC_4f4a2/fast"
/usr/bin/gmake -f CMakeFiles/cmTC_4f4a2.dir/build.make CMakeFiles/cmTC_4f4a2.dir/build
gmake[1]: Entering directory `/home/build/release-cpp11/CMakeFiles/CMakeTmp'
Building C object CMakeFiles/cmTC_4f4a2.dir/CheckSymbolExists.c.o
/usr/bin/cc     -o CMakeFiles/cmTC_4f4a2.dir/CheckSymbolExists.c.o   -c /home/build/release-cpp11/CMakeFiles/CMakeTmp/CheckSymbolExists.c
Linking C executable cmTC_4f4a2
/usr/local/bin/cmake -E cmake_link_script CMakeFiles/cmTC_4f4a2.dir/link.txt --verbose=1
/usr/bin/cc       CMakeFiles/cmTC_4f4a2.dir/CheckSymbolExists.c.o  -o cmTC_4f4a2 -rdynamic 
CMakeFiles/cmTC_4f4a2.dir/CheckSymbolExists.c.o: In function `main':
CheckSymbolExists.c:(.text+0x16): undefined reference to `pthread_create'
collect2: error: ld returned 1 exit status
gmake[1]: *** [cmTC_4f4a2] Error 1
gmake[1]: Leaving directory `/home/build/release-cpp11/CMakeFiles/CMakeTmp'
gmake: *** [cmTC_4f4a2/fast] Error 2

File /home/build/release-cpp11/CMakeFiles/CMakeTmp/CheckSymbolExists.c:
/* */
#include <pthread.h>

int main(int argc, char** argv)
{
  (void)argv;
#ifndef pthread_create
  return ((int*)(&pthread_create))[argc];
#else
  (void)argc;
  return 0;
#endif
}

Determining if the function pthread_create exists in the pthreads failed with the following output:
Change Dir: /home/build/release-cpp11/CMakeFiles/CMakeTmp

Run Build Command:"/usr/bin/gmake" "cmTC_7621e/fast"
/usr/bin/gmake -f CMakeFiles/cmTC_7621e.dir/build.make CMakeFiles/cmTC_7621e.dir/build
gmake[1]: Entering directory `/home/build/release-cpp11/CMakeFiles/CMakeTmp'
Building C object CMakeFiles/cmTC_7621e.dir/CheckFunctionExists.c.o
/usr/bin/cc    -DCHECK_FUNCTION_EXISTS=pthread_create   -o CMakeFiles/cmTC_7621e.dir/CheckFunctionExists.c.o   -c /usr/local/share/cmake-3.6/Modules/CheckFunctionExists.c
Linking C executable cmTC_7621e
/usr/local/bin/cmake -E cmake_link_script CMakeFiles/cmTC_7621e.dir/link.txt --verbose=1
/usr/bin/cc   -DCHECK_FUNCTION_EXISTS=pthread_create    CMakeFiles/cmTC_7621e.dir/CheckFunctionExists.c.o  -o cmTC_7621e -rdynamic -lpthreads 
/usr/bin/ld: cannot find -lpthreads
collect2: error: ld returned 1 exit status
gmake[1]: *** [cmTC_7621e] Error 1
gmake[1]: Leaving directory `/home/build/release-cpp11/CMakeFiles/CMakeTmp'
gmake: *** [cmTC_7621e/fast] Error 2


